容쯉tarting project at C:\Users\asus\DotivoApp\GoalTracker-FE
Using src/app as the root directory for Expo Router.
Starting Metro Bundler
warning: Bundler cache is empty, rebuilding (this may take a minute)
Waiting on http://localhost:8081
Logs for your project will appear below.
Web node_modules\expo-router\entry.js 풉칱칝풉칱칝풉칱칝풉칱칝풉칱칝풉칱칝풉칱칝풉칱칝풉칱칝풉칱칝풉칱칝풉칱칝풉칱칝풉칱칝풉칱칝풉칱칝  0.0% (0/1)
轎석뎽 node_modules\expo-router\node\render.js 풉칱칝풉칱칝풉칱칝풉칱칝풉칱칝풉칱칝풉칱칝풉칱칝풉칱칝풉칱칝풉칱칝풉칱칝풉칱칝풉칱칝풉칱칝풉칱칝  0.0% (0/1)
Web node_modules\expo-router\entry.js 풉칱칪풉칱칪풉칱칪풉칱칪풉칱칝풉칱칝풉칱칝풉칱칝풉칱칝풉칱칝풉칱칝풉칱칝풉칱칝풉칱칝풉칱칝풉칱칝 25.0% (17/91)
轎석뎽 node_modules\expo-router\node\render.js 풉칱칪풉칱칝풉칱칝풉칱칝풉칱칝풉칱칝풉칱칝풉칱칝풉칱칝풉칱칝풉칱칝풉칱칝풉칱칝풉칱칝풉칱칝풉칱칝  7.0% ( 43/199)
Web node_modules\expo-router\entry.js 풉칱칪풉칱칪풉칱칪풉칱칪풉칱칝풉칱칝풉칱칝풉칱칝풉칱칝풉칱칝풉칱칝풉칱칝풉칱칝풉칱칝풉칱칝풉칱칝 25.0% ( 90/183)
轎석뎽 node_modules\expo-router\node\render.js 풉칱칪풉칱칪풉칱칪풉칱칪풉칱칝풉칱칝풉칱칝풉칱칝풉칱칝풉칱칝풉칱칝풉칱칝풉칱칝풉칱칝풉칱칝풉칱칝 30.8% (227/409)
Web node_modules\expo-router\entry.js 풉칱칪풉칱칪풉칱칪풉칱칪풉칱칪풉칱칪풉칱칪풉칱칝풉칱칝풉칱칝풉칱칝풉칱칝풉칱칝풉칱칝풉칱칝풉칱칝 49.3% (201/325)
轎석뎽 node_modules\expo-router\node\render.js 풉칱칪풉칱칪풉칱칪풉칱칪풉칱칪풉칱칪풉칱칪풉칱칪풉칱칪풉칱칝풉칱칝풉칱칝풉칱칝풉칱칝풉칱칝풉칱칝 61.7% (461/616)
Web node_modules\expo-router\entry.js 풉칱칪풉칱칪풉칱칪풉칱칪풉칱칪풉칱칪풉칱칪풉칱칝풉칱칝풉칱칝풉칱칝풉칱칝풉칱칝풉칱칝풉칱칝풉칱칝 49.3% (289/413)
轎석뎽 node_modules\expo-router\node\render.js 풉칱칪풉칱칪풉칱칪풉칱칪풉칱칪풉칱칪풉칱칪풉칱칪풉칱칪풉칱칝풉칱칝풉칱칝풉칱칝풉칱칝풉칱칝풉칱칝 61.7% ( 566/2400)
Web node_modules\expo-router\entry.js 풉칱칪풉칱칪풉칱칪풉칱칪풉칱칪풉칱칪풉칱칪풉칱칝풉칱칝풉칱칝풉칱칝풉칱칝풉칱칝풉칱칝풉칱칝풉칱칝 49.3% (336/486)
轎석뎽 node_modules\expo-router\node\render.js 풉칱칪풉칱칪풉칱칪풉칱칪풉칱칪풉칱칪풉칱칪풉칱칪풉칱칪풉칱칝풉칱칝풉칱칝풉칱칝풉칱칝풉칱칝풉칱칝 61.7% (1183/2492)
Web node_modules\expo-router\entry.js 풉칱칪풉칱칪풉칱칪풉칱칪풉칱칪풉칱칪풉칱칪풉칱칝풉칱칝풉칱칝풉칱칝풉칱칝풉칱칝풉칱칝풉칱칝풉칱칝 49.3% (336/486)
轎석뎽 node_modules\expo-router\node\render.js 풉칱칪풉칱칪풉칱칪풉칱칪풉칱칪풉칱칪풉칱칪풉칱칪풉칱칪풉칱칪풉칱칝풉칱칝풉칱칝풉칱칝풉칱칝풉칱칝 65.4% (2016/2492)
Web node_modules\expo-router\entry.js 풉칱칪풉칱칪풉칱칪풉칱칪풉칱칪풉칱칪풉칱칪풉칱칪풉칱칪풉칱칪풉칱칪풉칱칝풉칱칝풉칱칝풉칱칝풉칱칝 69.1% ( 459/2249)
轎석뎽 node_modules\expo-router\node\render.js 풉칱칪풉칱칪풉칱칪풉칱칪풉칱칪풉칱칪풉칱칪풉칱칪풉칱칪풉칱칪풉칱칪풉칱칪풉칱칪풉칱칪풉칱칝풉칱칝 88.9% (2387/2542)
Web node_modules\expo-router\entry.js 풉칱칪풉칱칪풉칱칪풉칱칪풉칱칪풉칱칪풉칱칪풉칱칪풉칱칪풉칱칪풉칱칪풉칱칝풉칱칝풉칱칝풉칱칝풉칱칝 69.1% ( 841/2381)
轎석뎽 node_modules\expo-router\node\render.js 풉칱칪풉칱칪풉칱칪풉칱칪풉칱칪풉칱칪풉칱칪풉칱칪풉칱칪풉칱칪풉칱칪풉칱칪풉칱칪풉칱칪풉칱칝풉칱칝 90.7% (2542/2681)
Web node_modules\expo-router\entry.js 풉칱칪풉칱칪풉칱칪풉칱칪풉칱칪풉칱칪풉칱칪풉칱칪풉칱칪풉칱칪풉칱칪풉칱칝풉칱칝풉칱칝풉칱칝풉칱칝 69.1% (1776/2381)
轎석뎽 node_modules\expo-router\node\render.js 풉칱칪풉칱칪풉칱칪풉칱칪풉칱칪풉칱칪풉칱칪풉칱칪풉칱칪풉칱칪풉칱칪풉칱칪풉칱칪풉칱칪풉칱칝풉칱칝 90.7% (2542/2681)
Web node_modules\expo-router\entry.js 풉칱칪풉칱칪풉칱칪풉칱칪풉칱칪풉칱칪풉칱칪풉칱칪풉칱칪풉칱칪풉칱칪풉칱칪풉칱칪풉칱칪풉칱칝풉칱칝 91.4% (2316/2442)
轎석뎽 node_modules\expo-router\node\render.js 풉칱칪풉칱칪풉칱칪풉칱칪풉칱칪풉칱칪풉칱칪풉칱칪풉칱칪풉칱칪풉칱칪풉칱칪풉칱칪풉칱칪풉칱칝풉칱칝 92.5% (2594/2707)
Web node_modules\expo-router\entry.js 풉칱칪풉칱칪풉칱칪풉칱칪풉칱칪풉칱칪풉칱칪풉칱칪풉칱칪풉칱칪풉칱칪풉칱칪풉칱칪풉칱칪풉칱칝풉칱칝 91.9% (2556/2687)
轎석뎽 node_modules\expo-router\node\render.js 풉칱칪풉칱칪풉칱칪풉칱칪풉칱칪풉칱칪풉칱칪풉칱칪풉칱칪풉칱칪풉칱칪풉칱칪풉칱칪풉칱칪풉칱칪풉칱칝 94.3% (2768/2869)
Web node_modules\expo-router\entry.js 풉칱칪풉칱칪풉칱칪풉칱칪풉칱칪풉칱칪풉칱칪풉칱칪풉칱칪풉칱칪풉칱칪풉칱칪풉칱칪풉칱칪풉칱칪풉칱칝 94.9% (2777/2851)
轎석뎽 node_modules\expo-router\node\render.js 풉칱칪풉칱칪풉칱칪풉칱칪풉칱칪풉칱칪풉칱칪풉칱칪풉칱칪풉칱칪풉칱칪풉칱칪풉칱칪풉칱칪풉칱칪풉칱칝 96.7% (2959/3015)
轎석뎽 Bundled 44581ms node_modules\expo-router\node\render.js (3091 modules)
node.exe : "shadow*" style props are 
deprecated. Use "boxShadow".
At line:1 char:1
+ & "C:\Program 
Files\nodejs/node.exe" "C:\Program 
Files\nodejs/node_mo ...
+ ~~~~~~~~~~~~~~~~~~~~~~~~~~~~~~~~~~~~
~~~~~~~~~~~~~~~~~~~~~~~~~~~~~~~~~
    + CategoryInfo          : 
NotSpecif    ied: ("shadow*" 
style...se "boxShad    ow".:String) 
[], RemoteException
    + FullyQualifiedErrorId : 
NativeCom    mandError
 
轎석뎽  WARN  props.pointerEvents is 
deprecated. Use style.pointerEvents 
  console.warn (C:\Users\asus\DotivoAp
p\GoalTracker-FE\node_modules\expo\nod
e_modules\@expo\cli\src\start\server\s
erverLogLikeMetro.ts:161:21)
  warnOnce (C:\Users\asus\DotivoApp\Go
alTracker-FE\node_modules\react-native
-web\dist\modules\warnOnce\index.js:24
:13)
  createDOMProps (C:\Users\asus\Dotivo
App\GoalTracker-FE\node_modules\react-
native-web\dist\modules\createDOMProps
\index.js:805:13)
  createElement (C:\Users\asus\DotivoA
pp\GoalTracker-FE\node_modules\react-n
ative-web\dist\exports\createElement\i
ndex.js:23:32)
  Component (C:\Users\asus\DotivoApp\G
oalTracker-FE\node_modules\react-nativ
e-web\dist\exports\View\index.js:111:2
3)
  Object.callComponentInDEV [as 
react-stack-bottom-frame] (C:\Users\as
us\DotivoApp\GoalTracker-FE\node_modul
es\react-dom\cjs\react-dom-server-lega
cy.node.development.js:8970:18)
  renderWithHooks (C:\Users\asus\Dotiv
oApp\GoalTracker-FE\node_modules\react
-dom\cjs\react-dom-server-legacy.node.
development.js:4699:19)
  run (C:\Users\asus\DotivoApp\GoalTra
cker-FE\node_modules\react-dom\cjs\rea
ct-dom-server-legacy.node.development.
js:5539:39)
  retryNode (C:\Users\asus\DotivoApp\G
oalTracker-FE\node_modules\react-dom\c
js\react-dom-server-legacy.node.develo
pment.js:5899:31)
  renderNodeDestructive (C:\Users\asus
\DotivoApp\GoalTracker-FE\node_modules
\react-dom\cjs\react-dom-server-legacy
.node.development.js:5849:11)
Web node_modules\expo-router\entry.js 풉칱칪풉칱칪풉칱칪풉칱칪풉칱칪풉칱칪풉칱칪풉칱칪풉칱칪풉칱칪풉칱칪풉칱칪풉칱칪풉칱칪풉칱칪풉칱칝 99.9% (2991/2991)
Web Bundled 48831ms node_modules\expo-router\entry.js (2991 modules)
Web node_modules\expo-router\entry.js 풉칱칪풉칱칪풉칱칪풉칱칪풉칱칪풉칱칪풉칱칪풉칱칪풉칱칪풉칱칪풉칱칪풉칱칪풉칱칪풉칱칪풉칱칪풉칱칝 99.9% (2991/2991)
Error: Cannot pipe to a closed or 
destroyed stream
    at pipelineImpl (node:internal/str
eams/pipeline:264:15)
    at node:stream/promises:31:5
    at new Promise (<anonymous>)
    at pipeline 
(node:stream/promises:20:10)
    at respond (C:\Users\asus\DotivoAp
p\GoalTracker-FE\node_modules\expo-ser
ver\src\vendor\http.ts:138:19)
    at C:\Users\asus\DotivoApp\GoalTra
cker-FE\node_modules\expo-server\src\v
endor\http.ts:68:13
    at processTicksAndRejections (node
:internal/process/task_queues:104:5)
Web node_modules\expo-router\entry.js 풉칱칝풉칱칝풉칱칝풉칱칝풉칱칝풉칱칝풉칱칝풉칱칝풉칱칝풉칱칝풉칱칝풉칱칝풉칱칝풉칱칝풉칱칝풉칱칝  0.0% (0/1)
轎석뎽 Bundled 189ms node_modules\expo-router\node\render.js (1 module)
Web Bundled 855ms node_modules\expo-router\entry.js (1 module)
"shadow*" style props are deprecated. 
Use "boxShadow".
轎석뎽  WARN  props.pointerEvents is 
deprecated. Use style.pointerEvents 
  console.warn (C:\Users\asus\DotivoAp
p\GoalTracker-FE\node_modules\expo\nod
e_modules\@expo\cli\src\start\server\s
erverLogLikeMetro.ts:161:21)
  warnOnce (C:\Users\asus\DotivoApp\Go
alTracker-FE\node_modules\react-native
-web\dist\modules\warnOnce\index.js:24
:13)
  createDOMProps (C:\Users\asus\Dotivo
App\GoalTracker-FE\node_modules\react-
native-web\dist\modules\createDOMProps
\index.js:805:13)
  createElement (C:\Users\asus\DotivoA
pp\GoalTracker-FE\node_modules\react-n
ative-web\dist\exports\createElement\i
ndex.js:23:32)
  Component (C:\Users\asus\DotivoApp\G
oalTracker-FE\node_modules\react-nativ
e-web\dist\exports\View\index.js:111:2
3)
  Object.callComponentInDEV [as 
react-stack-bottom-frame] (C:\Users\as
us\DotivoApp\GoalTracker-FE\node_modul
es\react-dom\cjs\react-dom-server-lega
cy.node.development.js:8970:18)
  renderWithHooks (C:\Users\asus\Dotiv
oApp\GoalTracker-FE\node_modules\react
-dom\cjs\react-dom-server-legacy.node.
development.js:4699:19)
  run (C:\Users\asus\DotivoApp\GoalTra
cker-FE\node_modules\react-dom\cjs\rea
ct-dom-server-legacy.node.development.
js:5539:39)
  retryNode (C:\Users\asus\DotivoApp\G
oalTracker-FE\node_modules\react-dom\c
js\react-dom-server-legacy.node.develo
pment.js:5899:31)
  renderNodeDestructive (C:\Users\asus
\DotivoApp\GoalTracker-FE\node_modules
\react-dom\cjs\react-dom-server-legacy
.node.development.js:5849:11)
Web node_modules\expo-router\entry.js 풉칱칪풉칱칪풉칱칪풉칱칪풉칱칝풉칱칝풉칱칝풉칱칝풉칱칝풉칱칝풉칱칝풉칱칝풉칱칝풉칱칝풉칱칝풉칱칝 28.8% ( 38/141)
Web node_modules\expo-router\entry.js 풉칱칪풉칱칪풉칱칪풉칱칪풉칱칝풉칱칝풉칱칝풉칱칝풉칱칝풉칱칝풉칱칝풉칱칝풉칱칝풉칱칝풉칱칝풉칱칝 28.8% (133/282)
Web node_modules\expo-router\entry.js 풉칱칪풉칱칪풉칱칪풉칱칪풉칱칝풉칱칝풉칱칝풉칱칝풉칱칝풉칱칝풉칱칝풉칱칝풉칱칝풉칱칝풉칱칝풉칱칝 28.8% ( 150/2031)
Web node_modules\expo-router\entry.js 풉칱칪풉칱칪풉칱칪풉칱칪풉칱칝풉칱칝풉칱칝풉칱칝풉칱칝풉칱칝풉칱칝풉칱칝풉칱칝풉칱칝풉칱칝풉칱칝 28.8% ( 254/2163)
Web node_modules\expo-router\entry.js 풉칱칪풉칱칪풉칱칪풉칱칪풉칱칝풉칱칝풉칱칝풉칱칝풉칱칝풉칱칝풉칱칝풉칱칝풉칱칝풉칱칝풉칱칝풉칱칝 28.8% ( 405/2238)
Web node_modules\expo-router\entry.js 풉칱칪풉칱칪풉칱칪풉칱칪풉칱칝풉칱칝풉칱칝풉칱칝풉칱칝풉칱칝풉칱칝풉칱칝풉칱칝풉칱칝풉칱칝풉칱칝 28.8% ( 553/2238)
Web node_modules\expo-router\entry.js 풉칱칪풉칱칪풉칱칪풉칱칪풉칱칝풉칱칝풉칱칝풉칱칝풉칱칝풉칱칝풉칱칝풉칱칝풉칱칝풉칱칝풉칱칝풉칱칝 28.8% ( 643/2238)
Web node_modules\expo-router\entry.js 풉칱칪풉칱칪풉칱칪풉칱칪풉칱칝풉칱칝풉칱칝풉칱칝풉칱칝풉칱칝풉칱칝풉칱칝풉칱칝풉칱칝풉칱칝풉칱칝 28.8% ( 681/2238)
Web node_modules\expo-router\entry.js 풉칱칪풉칱칪풉칱칪풉칱칪풉칱칝풉칱칝풉칱칝풉칱칝풉칱칝풉칱칝풉칱칝풉칱칝풉칱칝풉칱칝풉칱칝풉칱칝 28.8% ( 830/2238)
Web node_modules\expo-router\entry.js 풉칱칪풉칱칪풉칱칪풉칱칪풉칱칝풉칱칝풉칱칝풉칱칝풉칱칝풉칱칝풉칱칝풉칱칝풉칱칝풉칱칝풉칱칝풉칱칝 28.8% ( 928/2238)
Web node_modules\expo-router\entry.js 풉칱칪풉칱칪풉칱칪풉칱칪풉칱칝풉칱칝풉칱칝풉칱칝풉칱칝풉칱칝풉칱칝풉칱칝풉칱칝풉칱칝풉칱칝풉칱칝 28.8% (1019/2238)
Web node_modules\expo-router\entry.js 풉칱칪풉칱칪풉칱칪풉칱칪풉칱칝풉칱칝풉칱칝풉칱칝풉칱칝풉칱칝풉칱칝풉칱칝풉칱칝풉칱칝풉칱칝풉칱칝 28.8% (1186/2238)
Web node_modules\expo-router\entry.js 풉칱칪풉칱칪풉칱칪풉칱칪풉칱칪풉칱칝풉칱칝풉칱칝풉칱칝풉칱칝풉칱칝풉칱칝풉칱칝풉칱칝풉칱칝풉칱칝 32.8% (1281/2238)
Web node_modules\expo-router\entry.js 풉칱칪풉칱칪풉칱칪풉칱칪풉칱칪풉칱칪풉칱칝풉칱칝풉칱칝풉칱칝풉칱칝풉칱칝풉칱칝풉칱칝풉칱칝풉칱칝 39.4% (1405/2238)
Web node_modules\expo-router\entry.js 풉칱칪풉칱칪풉칱칪풉칱칪풉칱칪풉칱칪풉칱칪풉칱칝풉칱칝풉칱칝풉칱칝풉칱칝풉칱칝풉칱칝풉칱칝풉칱칝 47.7% (1545/2238)
Web node_modules\expo-router\entry.js 풉칱칪풉칱칪풉칱칪풉칱칪풉칱칪풉칱칪풉칱칪풉칱칪풉칱칝풉칱칝풉칱칝풉칱칝풉칱칝풉칱칝풉칱칝풉칱칝 56.2% (1678/2238)
Web node_modules\expo-router\entry.js 풉칱칪풉칱칪풉칱칪풉칱칪풉칱칪풉칱칪풉칱칪풉칱칪풉칱칪풉칱칪풉칱칝풉칱칝풉칱칝풉칱칝풉칱칝풉칱칝 66.3% (1822/2238)
Web node_modules\expo-router\entry.js 풉칱칪풉칱칪풉칱칪풉칱칪풉칱칪풉칱칪풉칱칪풉칱칪풉칱칪풉칱칪풉칱칪풉칱칪풉칱칝풉칱칝풉칱칝풉칱칝 77.7% (1981/2248)
Web node_modules\expo-router\entry.js 풉칱칪풉칱칪풉칱칪풉칱칪풉칱칪풉칱칪풉칱칪풉칱칪풉칱칪풉칱칪풉칱칪풉칱칪풉칱칪풉칱칝풉칱칝풉칱칝 82.5% (2091/2302)
Web node_modules\expo-router\entry.js 풉칱칪풉칱칪풉칱칪풉칱칪풉칱칪풉칱칪풉칱칪풉칱칪풉칱칪풉칱칪풉칱칪풉칱칪풉칱칪풉칱칝풉칱칝풉칱칝 82.7% (2134/2382)
Web node_modules\expo-router\entry.js 풉칱칪풉칱칪풉칱칪풉칱칪풉칱칪풉칱칪풉칱칪풉칱칪풉칱칪풉칱칪풉칱칪풉칱칪풉칱칪풉칱칝풉칱칝풉칱칝 82.7% (2170/2435)
Web node_modules\expo-router\entry.js 풉칱칪풉칱칪풉칱칪풉칱칪풉칱칪풉칱칪풉칱칪풉칱칪풉칱칪풉칱칪풉칱칪풉칱칪풉칱칪풉칱칝풉칱칝풉칱칝 82.7% (2243/2489)
Web node_modules\expo-router\entry.js 풉칱칪풉칱칪풉칱칪풉칱칪풉칱칪풉칱칪풉칱칪풉칱칪풉칱칪풉칱칪풉칱칪풉칱칪풉칱칪풉칱칝풉칱칝풉칱칝 82.7% (2270/2516)
Web node_modules\expo-router\entry.js 풉칱칪풉칱칪풉칱칪풉칱칪풉칱칪풉칱칪풉칱칪풉칱칪풉칱칪풉칱칪풉칱칪풉칱칪풉칱칪풉칱칝풉칱칝풉칱칝 82.7% (2298/2539)
Web node_modules\expo-router\entry.js 풉칱칪풉칱칪풉칱칪풉칱칪풉칱칪풉칱칪풉칱칪풉칱칪풉칱칪풉칱칪풉칱칪풉칱칪풉칱칪풉칱칝풉칱칝풉칱칝 82.7% (2322/2563)
Web node_modules\expo-router\entry.js 풉칱칪풉칱칪풉칱칪풉칱칪풉칱칪풉칱칪풉칱칪풉칱칪풉칱칪풉칱칪풉칱칪풉칱칪풉칱칪풉칱칝풉칱칝풉칱칝 82.7% (2344/2586)
Web node_modules\expo-router\entry.js 풉칱칪풉칱칪풉칱칪풉칱칪풉칱칪풉칱칪풉칱칪풉칱칪풉칱칪풉칱칪풉칱칪풉칱칪풉칱칪풉칱칝풉칱칝풉칱칝 85.4% (2398/2595)
轎석뎽 Bundled 1400ms node_modules\expo-router\node\render.js (1 module)
Web node_modules\expo-router\entry.js 풉칱칪풉칱칪풉칱칪풉칱칪풉칱칪풉칱칪풉칱칪풉칱칪풉칱칪풉칱칪풉칱칪풉칱칪풉칱칪풉칱칝풉칱칝풉칱칝 86.7% (2444/2625)
Web node_modules\expo-router\entry.js 풉칱칝풉칱칝풉칱칝풉칱칝풉칱칝풉칱칝풉칱칝풉칱칝풉칱칝풉칱칝풉칱칝풉칱칝풉칱칝풉칱칝풉칱칝풉칱칝  0.0% (0/1)
Web Bundled 2593ms node_modules\expo-router\entry.js (1 module)
Web node_modules\expo-router\entry.js 풉칱칪풉칱칪풉칱칪풉칱칪풉칱칪풉칱칪풉칱칪풉칱칪풉칱칪풉칱칪풉칱칪풉칱칪풉칱칪풉칱칪풉칱칝풉칱칝 88.2% (2492/2655)
Web node_modules\expo-router\entry.js 풉칱칪풉칱칪풉칱칪풉칱칪풉칱칪풉칱칪풉칱칪풉칱칪풉칱칪풉칱칪풉칱칪풉칱칪풉칱칪풉칱칪풉칱칝풉칱칝 88.8% (2507/2680)
Web node_modules\expo-router\entry.js 풉칱칪풉칱칪풉칱칪풉칱칪풉칱칪풉칱칪풉칱칪풉칱칪풉칱칪풉칱칪풉칱칪풉칱칪풉칱칪풉칱칪풉칱칝풉칱칝 88.8% (2516/2689)
Web node_modules\expo-router\entry.js 풉칱칪풉칱칪풉칱칪풉칱칪풉칱칪풉칱칪풉칱칪풉칱칪풉칱칪풉칱칪풉칱칪풉칱칪풉칱칪풉칱칪풉칱칝풉칱칝 88.8% (2547/2741)
"shadow*" style props are deprecated. 
Use "boxShadow".
轎석뎽  WARN  props.pointerEvents is 
deprecated. Use style.pointerEvents 
  console.warn (C:\Users\asus\DotivoAp
p\GoalTracker-FE\node_modules\expo\nod
e_modules\@expo\cli\src\start\server\s
erverLogLikeMetro.ts:161:21)
  warnOnce (C:\Users\asus\DotivoApp\Go
alTracker-FE\node_modules\react-native
-web\dist\modules\warnOnce\index.js:24
:13)
  createDOMProps (C:\Users\asus\Dotivo
App\GoalTracker-FE\node_modules\react-
native-web\dist\modules\createDOMProps
\index.js:805:13)
  createElement (C:\Users\asus\DotivoA
pp\GoalTracker-FE\node_modules\react-n
ative-web\dist\exports\createElement\i
ndex.js:23:32)
  Component (C:\Users\asus\DotivoApp\G
oalTracker-FE\node_modules\react-nativ
e-web\dist\exports\View\index.js:111:2
3)
  Object.callComponentInDEV [as 
react-stack-bottom-frame] (C:\Users\as
us\DotivoApp\GoalTracker-FE\node_modul
es\react-dom\cjs\react-dom-server-lega
cy.node.development.js:8970:18)
  renderWithHooks (C:\Users\asus\Dotiv
oApp\GoalTracker-FE\node_modules\react
-dom\cjs\react-dom-server-legacy.node.
development.js:4699:19)
  run (C:\Users\asus\DotivoApp\GoalTra
cker-FE\node_modules\react-dom\cjs\rea
ct-dom-server-legacy.node.development.
js:5539:39)
  retryNode (C:\Users\asus\DotivoApp\G
oalTracker-FE\node_modules\react-dom\c
js\react-dom-server-legacy.node.develo
pment.js:5899:31)
  renderNodeDestructive (C:\Users\asus
\DotivoApp\GoalTracker-FE\node_modules
\react-dom\cjs\react-dom-server-legacy
.node.development.js:5849:11)
Web node_modules\expo-router\entry.js 풉칱칪풉칱칪풉칱칪풉칱칪풉칱칪풉칱칪풉칱칪풉칱칪풉칱칪풉칱칪풉칱칪풉칱칪풉칱칪풉칱칪풉칱칝풉칱칝 89.2% (2614/2768)
Web node_modules\expo-router\entry.js 풉칱칝풉칱칝풉칱칝풉칱칝풉칱칝풉칱칝풉칱칝풉칱칝풉칱칝풉칱칝풉칱칝풉칱칝풉칱칝풉칱칝풉칱칝풉칱칝  0.0% (0/1)
Web node_modules\expo-router\entry.js 풉칱칪풉칱칪풉칱칪풉칱칪풉칱칪풉칱칪풉칱칪풉칱칪풉칱칪풉칱칪풉칱칪풉칱칪풉칱칪풉칱칪풉칱칪풉칱칝 97.6% (2917/2953)
Web node_modules\expo-router\entry.js 풉칱칝풉칱칝풉칱칝풉칱칝풉칱칝풉칱칝풉칱칝풉칱칝풉칱칝풉칱칝풉칱칝풉칱칝풉칱칝풉칱칝풉칱칝풉칱칝  0.0% (0/1)
Web Bundled 121244ms node_modules\expo-router\entry.js (2992 modules)
Web Bundled 6300ms node_modules\expo-router\entry.js (1 module)
Web node_modules\expo-router\entry.js 풉칱칝풉칱칝풉칱칝풉칱칝풉칱칝풉칱칝풉칱칝풉칱칝풉칱칝풉칱칝풉칱칝풉칱칝풉칱칝풉칱칝풉칱칝풉칱칝  0.0% (0/1)
轎석뎽 Bundled 1567ms node_modules\expo-router\node\render.js (1 module)
Web Bundled 2631ms node_modules\expo-router\entry.js (1 module)
"shadow*" style props are deprecated. 
Use "boxShadow".
轎석뎽  WARN  props.pointerEvents is 
deprecated. Use style.pointerEvents 
  console.warn (C:\Users\asus\DotivoAp
p\GoalTracker-FE\node_modules\expo\nod
e_modules\@expo\cli\src\start\server\s
erverLogLikeMetro.ts:161:21)
  warnOnce (C:\Users\asus\DotivoApp\Go
alTracker-FE\node_modules\react-native
-web\dist\modules\warnOnce\index.js:24
:13)
  createDOMProps (C:\Users\asus\Dotivo
App\GoalTracker-FE\node_modules\react-
native-web\dist\modules\createDOMProps
\index.js:805:13)
  createElement (C:\Users\asus\DotivoA
pp\GoalTracker-FE\node_modules\react-n
ative-web\dist\exports\createElement\i
ndex.js:23:32)
  Component (C:\Users\asus\DotivoApp\G
oalTracker-FE\node_modules\react-nativ
e-web\dist\exports\View\index.js:111:2
3)
  Object.callComponentInDEV [as 
react-stack-bottom-frame] (C:\Users\as
us\DotivoApp\GoalTracker-FE\node_modul
es\react-dom\cjs\react-dom-server-lega
cy.node.development.js:8970:18)
  renderWithHooks (C:\Users\asus\Dotiv
oApp\GoalTracker-FE\node_modules\react
-dom\cjs\react-dom-server-legacy.node.
development.js:4699:19)
  run (C:\Users\asus\DotivoApp\GoalTra
cker-FE\node_modules\react-dom\cjs\rea
ct-dom-server-legacy.node.development.
js:5539:39)
  retryNode (C:\Users\asus\DotivoApp\G
oalTracker-FE\node_modules\react-dom\c
js\react-dom-server-legacy.node.develo
pment.js:5899:31)
  renderNodeDestructive (C:\Users\asus
\DotivoApp\GoalTracker-FE\node_modules
\react-dom\cjs\react-dom-server-legacy
.node.development.js:5849:11)
Web node_modules\expo-router\entry.js 풉칱칝풉칱칝풉칱칝풉칱칝풉칱칝풉칱칝풉칱칝풉칱칝풉칱칝풉칱칝풉칱칝풉칱칝풉칱칝풉칱칝풉칱칝풉칱칝  0.0% (0/1)
Web Bundled 102ms node_modules\expo-router\entry.js (1 module)
